f:\openglmapgenerator\mapgenerator\mapgenerator\debug\vc141.pdb
f:\openglmapgenerator\mapgenerator\mapgenerator\debug\vc141.idb
f:\openglmapgenerator\mapgenerator\mapgenerator\debug\glad.obj
f:\openglmapgenerator\mapgenerator\mapgenerator\debug\__main.obj
f:\openglmapgenerator\mapgenerator\mapgenerator\debug\wasdcontrolls.obj
f:\openglmapgenerator\mapgenerator\mapgenerator\debug\transform.obj
f:\openglmapgenerator\mapgenerator\mapgenerator\debug\stb_image.obj
f:\openglmapgenerator\mapgenerator\mapgenerator\debug\spriterenderer.obj
f:\openglmapgenerator\mapgenerator\mapgenerator\debug\point.obj
f:\openglmapgenerator\mapgenerator\mapgenerator\debug\main.obj
f:\openglmapgenerator\mapgenerator\mapgenerator\debug\gameobject.obj
f:\openglmapgenerator\mapgenerator\mapgenerator\debug\component.obj
f:\openglmapgenerator\mapgenerator\mapgenerator\debug\box.obj
f:\openglmapgenerator\mapgenerator\mapgenerator\debug\behaviorhandler.obj
f:\openglmapgenerator\mapgenerator\debug\mapgenerator.ilk
f:\openglmapgenerator\mapgenerator\debug\mapgenerator.exe
f:\openglmapgenerator\mapgenerator\debug\mapgenerator.pdb
f:\openglmapgenerator\mapgenerator\mapgenerator\debug\mapgenerator.tlog\cl.read.1.tlog
f:\openglmapgenerator\mapgenerator\mapgenerator\debug\mapgenerator.tlog\cl.write.1.tlog
f:\openglmapgenerator\mapgenerator\mapgenerator\debug\mapgenerator.tlog\cl.command.1.tlog
f:\openglmapgenerator\mapgenerator\mapgenerator\debug\mapgenerator.tlog\link.command.1.tlog
f:\openglmapgenerator\mapgenerator\mapgenerator\debug\mapgenerator.tlog\link.read.1.tlog
f:\openglmapgenerator\mapgenerator\mapgenerator\debug\mapgenerator.tlog\link.write.1.tlog
